Total Number of Reads: 363246735

Amount of Unknown Reads: 31828861	Percentage of Unknown Reads: 8.762325420488638%

Amount of Matched Reads: 330738415	Percentage of Matched Reads: 91.05062293264659%

Amount of Hopped Reads: 679459	Percentage of Hopped Reads: 0.1870516468647681%

Amount of Reads per Sample
Sample: TACCGGAT-TACCGGAT	Amount of Reads: 76119286	Percentage of Reads: 20.95525676232162%
Sample: CTCTGGAT-CTCTGGAT	Amount of Reads: 34857831	Percentage of Reads: 9.596185633987874%
Sample: AGAGTCCA-AGAGTCCA	Amount of Reads: 11279057	Percentage of Reads: 3.1050676890461246%
Sample: GTAGCGTA-GTAGCGTA	Amount of Reads: 8093048	Percentage of Reads: 2.227975428326974%
Sample: ATCATGCG-ATCATGCG	Amount of Reads: 10053967	Percentage of Reads: 2.7678065709248565%
Sample: AACAGCGA-AACAGCGA	Amount of Reads: 8840103	Percentage of Reads: 2.433635914167267%
Sample: TCGACAAG-TCGACAAG	Amount of Reads: 3840626	Percentage of Reads: 1.0573050298717757%
Sample: TGTTCCGT-TGTTCCGT	Amount of Reads: 15695547	Percentage of Reads: 4.32090518308444%
Sample: TCGAGAGT-TCGAGAGT	Amount of Reads: 11698720	Percentage of Reads: 3.2205988031798825%
Sample: CGGTAATC-CGGTAATC	Amount of Reads: 5037387	Percentage of Reads: 1.3867673167110506%
Sample: TAGCCATG-TAGCCATG	Amount of Reads: 10599469	Percentage of Reads: 2.9179805291298764%
Sample: TCTTCGAC-TCTTCGAC	Amount of Reads: 42006477	Percentage of Reads: 11.564171939494514%
Sample: CTAGCTCA-CTAGCTCA	Amount of Reads: 17272877	Percentage of Reads: 4.755136202394221%
Sample: TATGGCAC-TATGGCAC	Amount of Reads: 11150072	Percentage of Reads: 3.0695587669907067%
Sample: ACGATCAG-ACGATCAG	Amount of Reads: 7924413	Percentage of Reads: 2.1815510606034767%
Sample: GATCTTGC-GATCTTGC	Amount of Reads: 3633844	Percentage of Reads: 1.0003789848241857%
Sample: AGGATAGC-AGGATAGC	Amount of Reads: 8643481	Percentage of Reads: 2.3795068660424437%
Sample: CACTTCAC-CACTTCAC	Amount of Reads: 4183306	Percentage of Reads: 1.1516431111211503%
Sample: GCTACTCT-GCTACTCT	Amount of Reads: 7382032	Percentage of Reads: 2.0322362980082946%
Sample: ATCGTGGT-ATCGTGGT	Amount of Reads: 6872523	Percentage of Reads: 1.8919710317561425%
Sample: CGATCGAT-CGATCGAT	Amount of Reads: 5590177	Percentage of Reads: 1.5389476246772047%
Sample: GTCCTAAG-GTCCTAAG	Amount of Reads: 8803030	Percentage of Reads: 2.423429903643869%
Sample: GATCAAGG-GATCAAGG	Amount of Reads: 6566013	Percentage of Reads: 1.8075903696698057%
Sample: TCGGATTC-TCGGATTC	Amount of Reads: 4595129	Percentage of Reads: 1.2650159126688365%
	Command being timed: "./demultiplex.py -q 20 -m matched_indexes.txt -f1 /projects/bgmp/shared/2017_sequencing/1294_S1_L008_R1_001.fastq.gz -f2 /projects/bgmp/shared/2017_sequencing/1294_S1_L008_R2_001.fastq.gz -f3 /projects/bgmp/shared/2017_sequencing/1294_S1_L008_R3_001.fastq.gz -f4 /projects/bgmp/shared/2017_sequencing/1294_S1_L008_R4_001.fastq.gz"
	User time (seconds): 7120.97
	System time (seconds): 82.69
	Percent of CPU this job got: 98%
	Elapsed (wall clock) time (h:mm:ss or m:ss): 2:01:51
	Average shared text size (kbytes): 0
	Average unshared data size (kbytes): 0
	Average stack size (kbytes): 0
	Average total size (kbytes): 0
	Maximum resident set size (kbytes): 248324
	Average resident set size (kbytes): 0
	Major (requiring I/O) page faults: 0
	Minor (reclaiming a frame) page faults: 40169
	Voluntary context switches: 48378
	Involuntary context switches: 58587
	Swaps: 0
	File system inputs: 0
	File system outputs: 0
	Socket messages sent: 0
	Socket messages received: 0
	Signals delivered: 0
	Page size (bytes): 4096
	Exit status: 0
