Total Number of Reads: 363246735

Amount of Unknown Reads: 57748853	Percentage of Unknown Reads: 15.897968910856141%

Amount of Matched Reads: 304980270	Percentage of Matched Reads: 83.95953510772782%

Amount of Hopped Reads: 517612	Percentage of Hopped Reads: 0.1424959814160477%

Amount of Reads per Sample
Sample: TACCGGAT-TACCGGAT	Amount of Reads: 69307073	Percentage of Reads: 19.079888770369816%
Sample: CTCTGGAT-CTCTGGAT	Amount of Reads: 32163349	Percentage of Reads: 8.854408285321545%
Sample: AGAGTCCA-AGAGTCCA	Amount of Reads: 10378366	Percentage of Reads: 2.85711198477806%
Sample: GTAGCGTA-GTAGCGTA	Amount of Reads: 7450201	Percentage of Reads: 2.0510028810031837%
Sample: ATCATGCG-ATCATGCG	Amount of Reads: 9264615	Percentage of Reads: 2.550501933623712%
Sample: AACAGCGA-AACAGCGA	Amount of Reads: 8178191	Percentage of Reads: 2.2514148681886983%
Sample: TCGACAAG-TCGACAAG	Amount of Reads: 3548541	Percentage of Reads: 0.9768954977668278%
Sample: TCGAGAGT-TCGAGAGT	Amount of Reads: 10658212	Percentage of Reads: 2.9341521817119705%
Sample: CGGTAATC-CGGTAATC	Amount of Reads: 4498136	Percentage of Reads: 1.2383142273804608%
Sample: TAGCCATG-TAGCCATG	Amount of Reads: 9852258	Percentage of Reads: 2.7122770972738404%
Sample: TCTTCGAC-TCTTCGAC	Amount of Reads: 39149148	Percentage of Reads: 10.777563630406755%
Sample: CTAGCTCA-CTAGCTCA	Amount of Reads: 16162895	Percentage of Reads: 4.449563737992029%
Sample: TATGGCAC-TATGGCAC	Amount of Reads: 10195805	Percentage of Reads: 2.8068538592645575%
Sample: ACGATCAG-ACGATCAG	Amount of Reads: 7441721	Percentage of Reads: 2.0486683796345755%
Sample: GATCTTGC-GATCTTGC	Amount of Reads: 3425453	Percentage of Reads: 0.9430099901655%
Sample: AGGATAGC-AGGATAGC	Amount of Reads: 8078057	Percentage of Reads: 2.2238484813910304%
Sample: TGTTCCGT-TGTTCCGT	Amount of Reads: 14786868	Percentage of Reads: 4.070750422574342%
Sample: CACTTCAC-CACTTCAC	Amount of Reads: 3833640	Percentage of Reads: 1.055381819192401%
Sample: GCTACTCT-GCTACTCT	Amount of Reads: 6610857	Percentage of Reads: 1.8199356974261585%
Sample: ATCGTGGT-ATCGTGGT	Amount of Reads: 6357656	Percentage of Reads: 1.7502307350401924%
Sample: CGATCGAT-CGATCGAT	Amount of Reads: 5225776	Percentage of Reads: 1.4386298613255257%
Sample: GTCCTAAG-GTCCTAAG	Amount of Reads: 8164223	Percentage of Reads: 2.2475695480098397%
Sample: GATCAAGG-GATCAAGG	Amount of Reads: 6085915	Percentage of Reads: 1.6754218038601227%
Sample: TCGGATTC-TCGGATTC	Amount of Reads: 4163314	Percentage of Reads: 1.146139414026667%
	Command being timed: "./demultiplex.py -q 30 -m matched_indexes.txt -f1 /projects/bgmp/shared/2017_sequencing/1294_S1_L008_R1_001.fastq.gz -f2 /projects/bgmp/shared/2017_sequencing/1294_S1_L008_R2_001.fastq.gz -f3 /projects/bgmp/shared/2017_sequencing/1294_S1_L008_R3_001.fastq.gz -f4 /projects/bgmp/shared/2017_sequencing/1294_S1_L008_R4_001.fastq.gz"
	User time (seconds): 7063.85
	System time (seconds): 82.39
	Percent of CPU this job got: 94%
	Elapsed (wall clock) time (h:mm:ss or m:ss): 2:05:34
	Average shared text size (kbytes): 0
	Average unshared data size (kbytes): 0
	Average stack size (kbytes): 0
	Average total size (kbytes): 0
	Maximum resident set size (kbytes): 249104
	Average resident set size (kbytes): 0
	Major (requiring I/O) page faults: 0
	Minor (reclaiming a frame) page faults: 40219
	Voluntary context switches: 58393
	Involuntary context switches: 17591
	Swaps: 0
	File system inputs: 0
	File system outputs: 0
	Socket messages sent: 0
	Socket messages received: 0
	Signals delivered: 0
	Page size (bytes): 4096
	Exit status: 0
